LotteryWidget/android-build/build/outputs/logs/manifest-merger-release-report.txt
-- Merging decision tree log ---
manifest
ADDED from LotteryWidget\android-build\AndroidManifest.xml:2:1-92:12
INJECTED from LotteryWidget\android-build\AndroidManifest.xml:2:1-92:12
INJECTED from LotteryWidget\android-build\AndroidManifest.xml:2:1-92:12
INJECTED from LotteryWidget\android-build\AndroidManifest.xml:2:1-92:12
INJECTED from LotteryWidget\android-build\AndroidManifest.xml:2:1-92:12
	package
		ADDED from LotteryWidget\android-build\AndroidManifest.xml:2:11-42
	android:versionName
		ADDED from LotteryWidget\android-build\AndroidManifest.xml:2:102-127
		INJECTED from LotteryWidget\android-build\AndroidManifest.xml
		INJECTED from LotteryWidget\android-build\AndroidManifest.xml
	xmlns:android
		ADDED from LotteryWidget\android-build\AndroidManifest.xml:2:43-101
	android:versionCode
		ADDED from LotteryWidget\android-build\AndroidManifest.xml:2:128-151
		INJECTED from LotteryWidget\android-build\AndroidManifest.xml
		INJECTED from LotteryWidget\android-build\AndroidManifest.xml
	android:installLocation
		ADDED from LotteryWidget\android-build\AndroidManifest.xml:2:152-182
uses-sdk
ADDED from LotteryWidget\android-build\AndroidManifest.xml:3:5-73
	android:targetSdkVersion
		ADDED from LotteryWidget\android-build\AndroidManifest.xml:3:15-44
	android:minSdkVersion
		ADDED from LotteryWidget\android-build\AndroidManifest.xml:3:45-71
supports-screens
ADDED from LotteryWidget\android-build\AndroidManifest.xml:13:5-135
	android:largeScreens
		ADDED from LotteryWidget\android-build\AndroidManifest.xml:13:23-50
	android:smallScreens
		ADDED from LotteryWidget\android-build\AndroidManifest.xml:13:106-133
	android:normalScreens
		ADDED from LotteryWidget\android-build\AndroidManifest.xml:13:51-79
	android:anyDensity
		ADDED from LotteryWidget\android-build\AndroidManifest.xml:13:80-105
application
ADDED from LotteryWidget\android-build\AndroidManifest.xml:15:5-86:19
	android:label
		ADDED from LotteryWidget\android-build\AndroidManifest.xml:15:117-137
	android:hardwareAccelerated
		ADDED from LotteryWidget\android-build\AndroidManifest.xml:15:18-52
	android:icon
		ADDED from LotteryWidget\android-build\AndroidManifest.xml:15:138-167
	android:name
		ADDED from LotteryWidget\android-build\AndroidManifest.xml:15:53-116
activity#org.qtproject.qt5.android.bindings.QtActivity
ADDED from LotteryWidget\android-build\AndroidManifest.xml:16:9-82:16
	android:screenOrientation
		ADDED from LotteryWidget\android-build\AndroidManifest.xml:16:271-310
	android:label
		ADDED from LotteryWidget\android-build\AndroidManifest.xml:16:250-270
	android:launchMode
		ADDED from LotteryWidget\android-build\AndroidManifest.xml:16:311-341
	android:configChanges
		ADDED from LotteryWidget\android-build\AndroidManifest.xml:16:19-188
	android:theme
		ADDED from LotteryWidget\android-build\AndroidManifest.xml:16:342-401
	android:name
		ADDED from LotteryWidget\android-build\AndroidManifest.xml:16:189-249
intent-filter#action:name:android.intent.action.MAIN+category:name:android.intent.category.LAUNCHER
ADDED from LotteryWidget\android-build\AndroidManifest.xml:17:13-20:29
action#android.intent.action.MAIN
ADDED from LotteryWidget\android-build\AndroidManifest.xml:18:17-68
	android:name
		ADDED from LotteryWidget\android-build\AndroidManifest.xml:18:25-66
category#android.intent.category.LAUNCHER
ADDED from LotteryWidget\android-build\AndroidManifest.xml:19:17-76
	android:name
		ADDED from LotteryWidget\android-build\AndroidManifest.xml:19:27-74
meta-data#android.app.lib_name
ADDED from LotteryWidget\android-build\AndroidManifest.xml:26:13-91
	android:value
		ADDED from LotteryWidget\android-build\AndroidManifest.xml:26:60-89
	android:name
		ADDED from LotteryWidget\android-build\AndroidManifest.xml:26:24-59
meta-data#android.app.qt_sources_resource_id
ADDED from LotteryWidget\android-build\AndroidManifest.xml:27:13-112
	android:resource
		ADDED from LotteryWidget\android-build\AndroidManifest.xml:27:74-110
	android:name
		ADDED from LotteryWidget\android-build\AndroidManifest.xml:27:24-73
meta-data#android.app.repository
ADDED from LotteryWidget\android-build\AndroidManifest.xml:28:13-87
	android:value
		ADDED from LotteryWidget\android-build\AndroidManifest.xml:28:62-85
	android:name
		ADDED from LotteryWidget\android-build\AndroidManifest.xml:28:24-61
meta-data#android.app.qt_libs_resource_id
ADDED from LotteryWidget\android-build\AndroidManifest.xml:29:13-106
	android:resource
		ADDED from LotteryWidget\android-build\AndroidManifest.xml:29:71-104
	android:name
		ADDED from LotteryWidget\android-build\AndroidManifest.xml:29:24-70
meta-data#android.app.bundled_libs_resource_id
ADDED from LotteryWidget\android-build\AndroidManifest.xml:30:13-116
	android:resource
		ADDED from LotteryWidget\android-build\AndroidManifest.xml:30:76-114
	android:name
		ADDED from LotteryWidget\android-build\AndroidManifest.xml:30:24-75
meta-data#android.app.bundle_local_qt_libs
ADDED from LotteryWidget\android-build\AndroidManifest.xml:32:13-91
	android:value
		ADDED from LotteryWidget\android-build\AndroidManifest.xml:32:72-89
	android:name
		ADDED from LotteryWidget\android-build\AndroidManifest.xml:32:24-71
meta-data#android.app.bundled_in_lib_resource_id
ADDED from LotteryWidget\android-build\AndroidManifest.xml:33:13-120
	android:resource
		ADDED from LotteryWidget\android-build\AndroidManifest.xml:33:78-118
	android:name
		ADDED from LotteryWidget\android-build\AndroidManifest.xml:33:24-77
meta-data#android.app.bundled_in_assets_resource_id
ADDED from LotteryWidget\android-build\AndroidManifest.xml:34:13-126
	android:resource
		ADDED from LotteryWidget\android-build\AndroidManifest.xml:34:81-124
	android:name
		ADDED from LotteryWidget\android-build\AndroidManifest.xml:34:24-80
meta-data#android.app.use_local_qt_libs
ADDED from LotteryWidget\android-build\AndroidManifest.xml:36:13-88
	android:value
		ADDED from LotteryWidget\android-build\AndroidManifest.xml:36:69-86
	android:name
		ADDED from LotteryWidget\android-build\AndroidManifest.xml:36:24-68
meta-data#android.app.libs_prefix
ADDED from LotteryWidget\android-build\AndroidManifest.xml:37:13-100
	android:value
		ADDED from LotteryWidget\android-build\AndroidManifest.xml:37:63-98
	android:name
		ADDED from LotteryWidget\android-build\AndroidManifest.xml:37:24-62
meta-data#android.app.load_local_libs
ADDED from LotteryWidget\android-build\AndroidManifest.xml:38:13-129
	android:value
		ADDED from LotteryWidget\android-build\AndroidManifest.xml:38:67-127
	android:name
		ADDED from LotteryWidget\android-build\AndroidManifest.xml:38:24-66
meta-data#android.app.load_local_jars
ADDED from LotteryWidget\android-build\AndroidManifest.xml:39:13-126
	android:value
		ADDED from LotteryWidget\android-build\AndroidManifest.xml:39:67-124
	android:name
		ADDED from LotteryWidget\android-build\AndroidManifest.xml:39:24-66
meta-data#android.app.static_init_classes
ADDED from LotteryWidget\android-build\AndroidManifest.xml:40:13-89
	android:value
		ADDED from LotteryWidget\android-build\AndroidManifest.xml:40:71-87
	android:name
		ADDED from LotteryWidget\android-build\AndroidManifest.xml:40:24-70
meta-data#android.app.ministro_not_found_msg
ADDED from LotteryWidget\android-build\AndroidManifest.xml:44:13-122
	android:value
		ADDED from LotteryWidget\android-build\AndroidManifest.xml:44:24-70
	android:name
		ADDED from LotteryWidget\android-build\AndroidManifest.xml:44:71-120
meta-data#android.app.ministro_needed_msg
ADDED from LotteryWidget\android-build\AndroidManifest.xml:45:13-116
	android:value
		ADDED from LotteryWidget\android-build\AndroidManifest.xml:45:24-67
	android:name
		ADDED from LotteryWidget\android-build\AndroidManifest.xml:45:68-114
meta-data#android.app.fatal_error_msg
ADDED from LotteryWidget\android-build\AndroidManifest.xml:46:13-108
	android:value
		ADDED from LotteryWidget\android-build\AndroidManifest.xml:46:24-63
	android:name
		ADDED from LotteryWidget\android-build\AndroidManifest.xml:46:64-106
meta-data#android.app.unsupported_android_version
ADDED from LotteryWidget\android-build\AndroidManifest.xml:47:13-132
	android:value
		ADDED from LotteryWidget\android-build\AndroidManifest.xml:47:24-75
	android:name
		ADDED from LotteryWidget\android-build\AndroidManifest.xml:47:76-130
meta-data#android.app.splash_screen_drawable
ADDED from LotteryWidget\android-build\AndroidManifest.xml:57:13-111
	android:resource
		ADDED from LotteryWidget\android-build\AndroidManifest.xml:57:74-109
	android:name
		ADDED from LotteryWidget\android-build\AndroidManifest.xml:57:24-73
meta-data#android.app.splash_screen_sticky
ADDED from LotteryWidget\android-build\AndroidManifest.xml:58:13-94
	android:value
		ADDED from LotteryWidget\android-build\AndroidManifest.xml:58:72-92
	android:name
		ADDED from LotteryWidget\android-build\AndroidManifest.xml:58:24-71
meta-data#android.app.background_running
ADDED from LotteryWidget\android-build\AndroidManifest.xml:66:13-93
	android:value
		ADDED from LotteryWidget\android-build\AndroidManifest.xml:66:70-91
	android:name
		ADDED from LotteryWidget\android-build\AndroidManifest.xml:66:24-69
meta-data#android.app.auto_screen_scale_factor
ADDED from LotteryWidget\android-build\AndroidManifest.xml:70:13-99
	android:value
		ADDED from LotteryWidget\android-build\AndroidManifest.xml:70:76-97
	android:name
		ADDED from LotteryWidget\android-build\AndroidManifest.xml:70:24-75
meta-data#android.app.extract_android_style
ADDED from LotteryWidget\android-build\AndroidManifest.xml:80:13-98
	android:value
		ADDED from LotteryWidget\android-build\AndroidManifest.xml:80:73-96
	android:name
		ADDED from LotteryWidget\android-build\AndroidManifest.xml:80:24-72
uses-permission#android.permission.INTERNET
ADDED from LotteryWidget\android-build\AndroidManifest.xml:88:5-67
	android:name
		ADDED from LotteryWidget\android-build\AndroidManifest.xml:88:22-64
uses-permission#android.permission.WRITE_EXTERNAL_STORAGE
ADDED from LotteryWidget\android-build\AndroidManifest.xml:89:5-81
	android:name
		ADDED from LotteryWidget\android-build\AndroidManifest.xml:89:22-78